0 info it worked if it ends with ok
1 verbose cli [ 'nodejs', '/usr/bin/npm', 'install', 'coffeescript' ]
2 info using npm@1.2.9
3 info using node@v0.8.19
4 verbose read json /home/adam/Documents/underdog/package.json
5 verbose read json /home/adam/Documents/underdog/node_modules/less/package.json
6 verbose read json /home/adam/Documents/underdog/node_modules/mongoose/package.json
7 verbose read json /home/adam/Documents/underdog/node_modules/jade/package.json
8 verbose read json /home/adam/Documents/underdog/node_modules/express/package.json
9 verbose read json /home/adam/Documents/underdog/node_modules/less-middleware/package.json
10 verbose from cache /home/adam/Documents/underdog/package.json
11 verbose readDependencies using package.json deps
12 verbose cache add [ 'coffeescript', null ]
13 verbose cache add name=undefined spec="coffeescript" args=["coffeescript",null]
14 verbose parsed url { pathname: 'coffeescript',
14 verbose parsed url   path: 'coffeescript',
14 verbose parsed url   href: 'coffeescript' }
15 silly lockFile f5fbc02e-coffeescript coffeescript
16 verbose lock coffeescript /home/adam/.npm/f5fbc02e-coffeescript.lock
17 silly lockFile f5fbc02e-coffeescript coffeescript
18 silly lockFile f5fbc02e-coffeescript coffeescript
19 verbose addNamed [ 'coffeescript', '' ]
20 verbose addNamed [ null, '' ]
21 silly lockFile 62a8d146-coffeescript coffeescript@
22 verbose lock coffeescript@ /home/adam/.npm/62a8d146-coffeescript.lock
23 silly addNameRange { name: 'coffeescript', range: '', hasData: false }
24 verbose url raw coffeescript
25 verbose url resolving [ 'https://registry.npmjs.org/', './coffeescript' ]
26 verbose url resolved https://registry.npmjs.org/coffeescript
27 info trying registry request attempt 1 at 16:53:33
28 http GET https://registry.npmjs.org/coffeescript
29 http 404 https://registry.npmjs.org/coffeescript
30 silly registry.get cb [ 404,
30 silly registry.get   { server: 'CouchDB/1.2.1 (Erlang OTP/R15B03)',
30 silly registry.get     date: 'Tue, 05 Mar 2013 15:53:36 GMT',
30 silly registry.get     'content-type': 'application/json',
30 silly registry.get     'content-length': '52',
30 silly registry.get     'cache-control': 'must-revalidate' } ]
31 silly lockFile 62a8d146-coffeescript coffeescript@
32 silly lockFile 62a8d146-coffeescript coffeescript@
33 error 404 'coffeescript' is not in the npm registry.
33 error 404 You should bug the author to publish it
33 error 404
33 error 404 Note that you can also install from a
33 error 404 tarball, folder, or http url, or git url.
34 error System Linux 3.2.0-37-generic
35 error command "nodejs" "/usr/bin/npm" "install" "coffeescript"
36 error cwd /home/adam/Documents/underdog
37 error node -v v0.8.19
38 error npm -v 1.2.9
39 error code E404
40 verbose exit [ 1, true ]
